2021-05-05 09:50:06.014  INFO 5148 --- [restartedMain] c.c.s.SurveyportalApplication            : Starting SurveyportalApplication using Java 15.0.2 on Bhushan with PID 5148 (G:\Survey_Portal-master\com-cg-surveyportal\bin\main started by BHUSHAN in G:\Survey_Portal-master\com-cg-surveyportal)
2021-05-05 09:50:06.034  INFO 5148 --- [restartedMain] c.c.s.SurveyportalApplication            : No active profile set, falling back to default profiles: default
2021-05-05 09:50:06.169  INFO 5148 --- [restartedMain] o.s.b.devtools.restart.ChangeableUrls    : The Class-Path manifest attribute in C:\Users\BHUSHAN\.gradle\caches\modules-2\files-2.1\com.oracle.database.jdbc\ojdbc8\19.8.0.0\df9cff9b91c47d06b9a0482d566ee2d83a03e586\ojdbc8-19.8.0.0.jar referenced one or more files that do not exist: file:/C:/Users/BHUSHAN/.gradle/caches/modules-2/files-2.1/com.oracle.database.jdbc/ojdbc8/19.8.0.0/df9cff9b91c47d06b9a0482d566ee2d83a03e586/oraclepki.jar
2021-05-05 09:50:06.169  INFO 5148 --- [restartedMain] .e.DevToolsPropertyDefaultsPostProcessor : Devtools property defaults active! Set 'spring.devtools.add-properties' to 'false' to disable
2021-05-05 09:50:06.170  INFO 5148 --- [restartedMain] .e.DevToolsPropertyDefaultsPostProcessor : For additional web related logging consider setting the 'logging.level.web' property to 'DEBUG'
2021-05-05 09:50:08.036  INFO 5148 --- [restartedMain] .s.d.r.c.RepositoryConfigurationDelegate : Bootstrapping Spring Data JPA repositories in DEFAULT mode.
2021-05-05 09:50:08.192  INFO 5148 --- [restartedMain] .s.d.r.c.RepositoryConfigurationDelegate : Finished Spring Data repository scanning in 140 ms. Found 7 JPA repository interfaces.
2021-05-05 09:50:09.398  INFO 5148 --- [restartedMain] o.s.b.w.embedded.tomcat.TomcatWebServer  : Tomcat initialized with port(s): 8070 (http)
2021-05-05 09:50:09.417  INFO 5148 --- [restartedMain] o.apache.catalina.core.StandardService   : Starting service [Tomcat]
2021-05-05 09:50:09.417  INFO 5148 --- [restartedMain] org.apache.catalina.core.StandardEngine  : Starting Servlet engine: [Apache Tomcat/9.0.44]
2021-05-05 09:50:09.647  INFO 5148 --- [restartedMain] o.a.c.c.C.[Tomcat].[localhost].[/]       : Initializing Spring embedded WebApplicationContext
2021-05-05 09:50:09.648  INFO 5148 --- [restartedMain] w.s.c.ServletWebServerApplicationContext : Root WebApplicationContext: initialization completed in 3476 ms
2021-05-05 09:50:10.140  INFO 5148 --- [restartedMain] o.hibernate.jpa.internal.util.LogHelper  : HHH000204: Processing PersistenceUnitInfo [name: default]
2021-05-05 09:50:10.261  INFO 5148 --- [restartedMain] org.hibernate.Version                    : HHH000412: Hibernate ORM core version 5.4.29.Final
2021-05-05 09:50:10.570  INFO 5148 --- [restartedMain] o.hibernate.annotations.common.Version   : HCANN000001: Hibernate Commons Annotations {5.1.2.Final}
2021-05-05 09:50:10.776  INFO 5148 --- [restartedMain] com.zaxxer.hikari.HikariDataSource       : HikariPool-1 - Starting...
2021-05-05 09:50:11.378  INFO 5148 --- [restartedMain] com.zaxxer.hikari.HikariDataSource       : HikariPool-1 - Start completed.
2021-05-05 09:50:11.420  INFO 5148 --- [restartedMain] org.hibernate.dialect.Dialect            : HHH000400: Using dialect: org.hibernate.dialect.Oracle10gDialect
2021-05-05 09:50:22.512  INFO 5148 --- [restartedMain] o.h.e.t.j.p.i.JtaPlatformInitiator       : HHH000490: Using JtaPlatform implementation: [org.hibernate.engine.transaction.jta.platform.internal.NoJtaPlatform]
2021-05-05 09:50:22.530  INFO 5148 --- [restartedMain] j.LocalContainerEntityManagerFactoryBean : Initialized JPA EntityManagerFactory for persistence unit 'default'
2021-05-05 09:50:22.559  INFO 5148 --- [restartedMain] o.s.b.d.a.OptionalLiveReloadServer       : LiveReload server is running on port 35729
2021-05-05 09:50:23.684  WARN 5148 --- [restartedMain] JpaBaseConfiguration$JpaWebConfiguration : spring.jpa.open-in-view is enabled by default. Therefore, database queries may be performed during view rendering. Explicitly configure spring.jpa.open-in-view to disable this warning
2021-05-05 09:50:23.950  INFO 5148 --- [restartedMain] pertySourcedRequestMappingHandlerMapping : Mapped URL path [/v2/api-docs] onto method [springfox.documentation.swagger2.web.Swagger2Controller#getDocumentation(String, HttpServletRequest)]
2021-05-05 09:50:24.093  INFO 5148 --- [restartedMain] o.s.s.concurrent.ThreadPoolTaskExecutor  : Initializing ExecutorService 'applicationTaskExecutor'
2021-05-05 09:50:24.451  INFO 5148 --- [restartedMain] o.s.b.w.embedded.tomcat.TomcatWebServer  : Tomcat started on port(s): 8070 (http) with context path ''
2021-05-05 09:50:24.453  INFO 5148 --- [restartedMain] d.s.w.p.DocumentationPluginsBootstrapper : Context refreshed
2021-05-05 09:50:24.483  INFO 5148 --- [restartedMain] d.s.w.p.DocumentationPluginsBootstrapper : Found 1 custom documentation plugin(s)
2021-05-05 09:50:24.518  INFO 5148 --- [restartedMain] s.d.s.w.s.ApiListingReferenceScanner     : Scanning for api listing references
2021-05-05 09:50:24.882  INFO 5148 --- [restartedMain] .d.s.w.r.o.CachingOperationNameGenerator : Generating unique operation named: getfindByIdUsingGET_1
2021-05-05 09:50:24.885  INFO 5148 --- [restartedMain] .d.s.w.r.o.CachingOperationNameGenerator : Generating unique operation named: removeByIdUsingDELETE_1
2021-05-05 09:50:24.949  INFO 5148 --- [restartedMain] .d.s.w.r.o.CachingOperationNameGenerator : Generating unique operation named: countRecordsUsingGET_1
2021-05-05 09:50:25.011  INFO 5148 --- [restartedMain] .d.s.w.r.o.CachingOperationNameGenerator : Generating unique operation named: populateUsingGET_1
2021-05-05 09:50:25.042  INFO 5148 --- [restartedMain] c.c.s.SurveyportalApplication            : Started SurveyportalApplication in 19.887 seconds (JVM running for 21.289)
2021-05-05 09:51:21.783  INFO 5148 --- [http-nio-8070-exec-1] o.a.c.c.C.[Tomcat].[localhost].[/]       : Initializing Spring DispatcherServlet 'dispatcherServlet'
2021-05-05 09:51:21.784  INFO 5148 --- [http-nio-8070-exec-1] o.s.web.servlet.DispatcherServlet        : Initializing Servlet 'dispatcherServlet'
2021-05-05 09:51:21.788  INFO 5148 --- [http-nio-8070-exec-1] o.s.web.servlet.DispatcherServlet        : Completed initialization in 3 ms
2021-05-05 10:35:34.256  INFO 10460 --- [restartedMain] c.c.s.SurveyportalApplication            : Starting SurveyportalApplication using Java 15.0.2 on Bhushan with PID 10460 (G:\Survey_Portal-master\com-cg-surveyportal\bin\main started by BHUSHAN in G:\Survey_Portal-master\com-cg-surveyportal)
2021-05-05 10:35:34.264  INFO 10460 --- [restartedMain] c.c.s.SurveyportalApplication            : No active profile set, falling back to default profiles: default
2021-05-05 10:35:34.398  INFO 10460 --- [restartedMain] o.s.b.devtools.restart.ChangeableUrls    : The Class-Path manifest attribute in C:\Users\BHUSHAN\.gradle\caches\modules-2\files-2.1\com.oracle.database.jdbc\ojdbc8\19.8.0.0\df9cff9b91c47d06b9a0482d566ee2d83a03e586\ojdbc8-19.8.0.0.jar referenced one or more files that do not exist: file:/C:/Users/BHUSHAN/.gradle/caches/modules-2/files-2.1/com.oracle.database.jdbc/ojdbc8/19.8.0.0/df9cff9b91c47d06b9a0482d566ee2d83a03e586/oraclepki.jar
2021-05-05 10:35:34.401  INFO 10460 --- [restartedMain] .e.DevToolsPropertyDefaultsPostProcessor : Devtools property defaults active! Set 'spring.devtools.add-properties' to 'false' to disable
2021-05-05 10:35:34.403  INFO 10460 --- [restartedMain] .e.DevToolsPropertyDefaultsPostProcessor : For additional web related logging consider setting the 'logging.level.web' property to 'DEBUG'
2021-05-05 10:35:35.967  INFO 10460 --- [restartedMain] .s.d.r.c.RepositoryConfigurationDelegate : Bootstrapping Spring Data JPA repositories in DEFAULT mode.
2021-05-05 10:35:36.106  INFO 10460 --- [restartedMain] .s.d.r.c.RepositoryConfigurationDelegate : Finished Spring Data repository scanning in 125 ms. Found 7 JPA repository interfaces.
2021-05-05 10:35:37.220  INFO 10460 --- [restartedMain] o.s.b.w.embedded.tomcat.TomcatWebServer  : Tomcat initialized with port(s): 8070 (http)
2021-05-05 10:35:37.240  INFO 10460 --- [restartedMain] o.apache.catalina.core.StandardService   : Starting service [Tomcat]
2021-05-05 10:35:37.241  INFO 10460 --- [restartedMain] org.apache.catalina.core.StandardEngine  : Starting Servlet engine: [Apache Tomcat/9.0.44]
2021-05-05 10:35:37.507  INFO 10460 --- [restartedMain] o.a.c.c.C.[Tomcat].[localhost].[/]       : Initializing Spring embedded WebApplicationContext
2021-05-05 10:35:37.508  INFO 10460 --- [restartedMain] w.s.c.ServletWebServerApplicationContext : Root WebApplicationContext: initialization completed in 3103 ms
2021-05-05 10:35:37.989  INFO 10460 --- [restartedMain] o.hibernate.jpa.internal.util.LogHelper  : HHH000204: Processing PersistenceUnitInfo [name: default]
2021-05-05 10:35:38.079  INFO 10460 --- [restartedMain] org.hibernate.Version                    : HHH000412: Hibernate ORM core version 5.4.29.Final
2021-05-05 10:35:38.332  INFO 10460 --- [restartedMain] o.hibernate.annotations.common.Version   : HCANN000001: Hibernate Commons Annotations {5.1.2.Final}
2021-05-05 10:35:38.518  INFO 10460 --- [restartedMain] com.zaxxer.hikari.HikariDataSource       : HikariPool-1 - Starting...
2021-05-05 10:35:38.919  INFO 10460 --- [restartedMain] com.zaxxer.hikari.HikariDataSource       : HikariPool-1 - Start completed.
2021-05-05 10:35:38.950  INFO 10460 --- [restartedMain] org.hibernate.dialect.Dialect            : HHH000400: Using dialect: org.hibernate.dialect.Oracle10gDialect
2021-05-05 10:35:40.892  INFO 10460 --- [restartedMain] o.h.e.t.j.p.i.JtaPlatformInitiator       : HHH000490: Using JtaPlatform implementation: [org.hibernate.engine.transaction.jta.platform.internal.NoJtaPlatform]
2021-05-05 10:35:40.907  INFO 10460 --- [restartedMain] j.LocalContainerEntityManagerFactoryBean : Initialized JPA EntityManagerFactory for persistence unit 'default'
2021-05-05 10:35:40.937  INFO 10460 --- [restartedMain] o.s.b.d.a.OptionalLiveReloadServer       : LiveReload server is running on port 35729
2021-05-05 10:35:42.312  WARN 10460 --- [restartedMain] JpaBaseConfiguration$JpaWebConfiguration : spring.jpa.open-in-view is enabled by default. Therefore, database queries may be performed during view rendering. Explicitly configure spring.jpa.open-in-view to disable this warning
2021-05-05 10:35:42.626  INFO 10460 --- [restartedMain] pertySourcedRequestMappingHandlerMapping : Mapped URL path [/v2/api-docs] onto method [springfox.documentation.swagger2.web.Swagger2Controller#getDocumentation(String, HttpServletRequest)]
2021-05-05 10:35:42.809  INFO 10460 --- [restartedMain] o.s.s.concurrent.ThreadPoolTaskExecutor  : Initializing ExecutorService 'applicationTaskExecutor'
2021-05-05 10:35:43.197  INFO 10460 --- [restartedMain] o.s.b.w.embedded.tomcat.TomcatWebServer  : Tomcat started on port(s): 8070 (http) with context path ''
2021-05-05 10:35:43.199  INFO 10460 --- [restartedMain] d.s.w.p.DocumentationPluginsBootstrapper : Context refreshed
2021-05-05 10:35:43.227  INFO 10460 --- [restartedMain] d.s.w.p.DocumentationPluginsBootstrapper : Found 1 custom documentation plugin(s)
2021-05-05 10:35:43.261  INFO 10460 --- [restartedMain] s.d.s.w.s.ApiListingReferenceScanner     : Scanning for api listing references
2021-05-05 10:35:43.644  INFO 10460 --- [restartedMain] .d.s.w.r.o.CachingOperationNameGenerator : Generating unique operation named: getfindByIdUsingGET_1
2021-05-05 10:35:43.648  INFO 10460 --- [restartedMain] .d.s.w.r.o.CachingOperationNameGenerator : Generating unique operation named: populateUsingGET_1
2021-05-05 10:35:43.653  INFO 10460 --- [restartedMain] .d.s.w.r.o.CachingOperationNameGenerator : Generating unique operation named: removeByIdUsingDELETE_1
2021-05-05 10:35:43.730  INFO 10460 --- [restartedMain] .d.s.w.r.o.CachingOperationNameGenerator : Generating unique operation named: countRecordsUsingGET_1
2021-05-05 10:35:43.747  INFO 10460 --- [restartedMain] .d.s.w.r.o.CachingOperationNameGenerator : Generating unique operation named: populateUsingGET_2
2021-05-05 10:35:43.791  INFO 10460 --- [restartedMain] .d.s.w.r.o.CachingOperationNameGenerator : Generating unique operation named: populateUsingGET_3
2021-05-05 10:35:43.826  INFO 10460 --- [restartedMain] c.c.s.SurveyportalApplication            : Started SurveyportalApplication in 10.25 seconds (JVM running for 11.337)
2021-05-05 10:36:09.446  INFO 10460 --- [http-nio-8070-exec-1] o.a.c.c.C.[Tomcat].[localhost].[/]       : Initializing Spring DispatcherServlet 'dispatcherServlet'
2021-05-05 10:36:09.447  INFO 10460 --- [http-nio-8070-exec-1] o.s.web.servlet.DispatcherServlet        : Initializing Servlet 'dispatcherServlet'
2021-05-05 10:36:09.448  INFO 10460 --- [http-nio-8070-exec-1] o.s.web.servlet.DispatcherServlet        : Completed initialization in 1 ms
2021-05-05 10:36:09.506  WARN 10460 --- [http-nio-8070-exec-1] .w.s.m.s.DefaultHandlerExceptionResolver : Resolved [org.springframework.web.method.annotation.MethodArgumentTypeMismatchException: Failed to convert value of type 'java.lang.String' to required type 'java.lang.Long'; nested exception is java.lang.NumberFormatException: For input string: "populate"]
2021-05-05 10:37:43.520  WARN 10460 --- [http-nio-8070-exec-6] .m.m.a.ExceptionHandlerExceptionResolver : Resolved [com.cg.surveyportal.exceptions.SurveyNotFoundException: Invalid SurveyId]
2021-05-05 10:39:06.887  WARN 10460 --- [http-nio-8070-exec-1] .m.m.a.ExceptionHandlerExceptionResolver : Resolved [com.cg.surveyportal.exceptions.SurveyNotFoundException: Invalid SurveyId]
2021-05-05 10:39:58.963  INFO 10460 --- [Thread-8] o.s.s.concurrent.ThreadPoolTaskExecutor  : Shutting down ExecutorService 'applicationTaskExecutor'
2021-05-05 10:39:58.975  INFO 10460 --- [Thread-8] j.LocalContainerEntityManagerFactoryBean : Closing JPA EntityManagerFactory for persistence unit 'default'
2021-05-05 10:39:58.981  INFO 10460 --- [Thread-8] com.zaxxer.hikari.HikariDataSource       : HikariPool-1 - Shutdown initiated...
2021-05-05 10:39:58.994  INFO 10460 --- [Thread-8] com.zaxxer.hikari.HikariDataSource       : HikariPool-1 - Shutdown completed.
2021-05-05 10:39:59.111  INFO 10460 --- [restartedMain] c.c.s.SurveyportalApplication            : Starting SurveyportalApplication using Java 15.0.2 on Bhushan with PID 10460 (G:\Survey_Portal-master\com-cg-surveyportal\bin\main started by BHUSHAN in G:\Survey_Portal-master\com-cg-surveyportal)
2021-05-05 10:39:59.112  INFO 10460 --- [restartedMain] c.c.s.SurveyportalApplication            : No active profile set, falling back to default profiles: default
2021-05-05 10:39:59.632  INFO 10460 --- [restartedMain] .s.d.r.c.RepositoryConfigurationDelegate : Bootstrapping Spring Data JPA repositories in DEFAULT mode.
2021-05-05 10:39:59.685  INFO 10460 --- [restartedMain] .s.d.r.c.RepositoryConfigurationDelegate : Finished Spring Data repository scanning in 53 ms. Found 7 JPA repository interfaces.
2021-05-05 10:39:59.850  INFO 10460 --- [restartedMain] o.s.b.w.embedded.tomcat.TomcatWebServer  : Tomcat initialized with port(s): 8070 (http)
2021-05-05 10:39:59.851  INFO 10460 --- [restartedMain] o.apache.catalina.core.StandardService   : Starting service [Tomcat]
2021-05-05 10:39:59.852  INFO 10460 --- [restartedMain] org.apache.catalina.core.StandardEngine  : Starting Servlet engine: [Apache Tomcat/9.0.44]
2021-05-05 10:39:59.917  INFO 10460 --- [restartedMain] o.a.c.c.C.[Tomcat].[localhost].[/]       : Initializing Spring embedded WebApplicationContext
2021-05-05 10:39:59.917  INFO 10460 --- [restartedMain] w.s.c.ServletWebServerApplicationContext : Root WebApplicationContext: initialization completed in 801 ms
2021-05-05 10:39:59.987  INFO 10460 --- [restartedMain] o.hibernate.jpa.internal.util.LogHelper  : HHH000204: Processing PersistenceUnitInfo [name: default]
2021-05-05 10:39:59.996  INFO 10460 --- [restartedMain] com.zaxxer.hikari.HikariDataSource       : HikariPool-2 - Starting...
2021-05-05 10:40:00.039  INFO 10460 --- [restartedMain] com.zaxxer.hikari.HikariDataSource       : HikariPool-2 - Start completed.
2021-05-05 10:40:00.040  INFO 10460 --- [restartedMain] org.hibernate.dialect.Dialect            : HHH000400: Using dialect: org.hibernate.dialect.Oracle10gDialect
2021-05-05 10:40:00.654  INFO 10460 --- [restartedMain] o.h.e.t.j.p.i.JtaPlatformInitiator       : HHH000490: Using JtaPlatform implementation: [org.hibernate.engine.transaction.jta.platform.internal.NoJtaPlatform]
2021-05-05 10:40:00.654  INFO 10460 --- [restartedMain] j.LocalContainerEntityManagerFactoryBean : Initialized JPA EntityManagerFactory for persistence unit 'default'
2021-05-05 10:40:00.665  INFO 10460 --- [restartedMain] o.s.b.d.a.OptionalLiveReloadServer       : LiveReload server is running on port 35729
2021-05-05 10:40:01.004  WARN 10460 --- [restartedMain] JpaBaseConfiguration$JpaWebConfiguration : spring.jpa.open-in-view is enabled by default. Therefore, database queries may be performed during view rendering. Explicitly configure spring.jpa.open-in-view to disable this warning
2021-05-05 10:40:01.062  INFO 10460 --- [restartedMain] pertySourcedRequestMappingHandlerMapping : Mapped URL path [/v2/api-docs] onto method [springfox.documentation.swagger2.web.Swagger2Controller#getDocumentation(String, HttpServletRequest)]
2021-05-05 10:40:01.105  INFO 10460 --- [restartedMain] o.s.s.concurrent.ThreadPoolTaskExecutor  : Initializing ExecutorService 'applicationTaskExecutor'
2021-05-05 10:40:01.179  INFO 10460 --- [restartedMain] o.s.b.w.embedded.tomcat.TomcatWebServer  : Tomcat started on port(s): 8070 (http) with context path ''
2021-05-05 10:40:01.180  INFO 10460 --- [restartedMain] d.s.w.p.DocumentationPluginsBootstrapper : Context refreshed
2021-05-05 10:40:01.181  INFO 10460 --- [restartedMain] d.s.w.p.DocumentationPluginsBootstrapper : Found 1 custom documentation plugin(s)
2021-05-05 10:40:01.186  INFO 10460 --- [restartedMain] s.d.s.w.s.ApiListingReferenceScanner     : Scanning for api listing references
2021-05-05 10:40:01.279  INFO 10460 --- [restartedMain] .d.s.w.r.o.CachingOperationNameGenerator : Generating unique operation named: getfindByIdUsingGET_1
2021-05-05 10:40:01.281  INFO 10460 --- [restartedMain] .d.s.w.r.o.CachingOperationNameGenerator : Generating unique operation named: populateUsingGET_1
2021-05-05 10:40:01.283  INFO 10460 --- [restartedMain] .d.s.w.r.o.CachingOperationNameGenerator : Generating unique operation named: removeByIdUsingDELETE_1
2021-05-05 10:40:01.327  INFO 10460 --- [restartedMain] .d.s.w.r.o.CachingOperationNameGenerator : Generating unique operation named: countRecordsUsingGET_1
2021-05-05 10:40:01.339  INFO 10460 --- [restartedMain] .d.s.w.r.o.CachingOperationNameGenerator : Generating unique operation named: populateUsingGET_2
2021-05-05 10:40:01.375  INFO 10460 --- [restartedMain] .d.s.w.r.o.CachingOperationNameGenerator : Generating unique operation named: populateUsingGET_3
2021-05-05 10:40:01.387  INFO 10460 --- [restartedMain] c.c.s.SurveyportalApplication            : Started SurveyportalApplication in 2.321 seconds (JVM running for 268.897)
2021-05-05 10:40:01.390  INFO 10460 --- [restartedMain] .ConditionEvaluationDeltaLoggingListener : Condition evaluation unchanged
2021-05-05 10:40:19.123  INFO 10460 --- [http-nio-8070-exec-1] o.a.c.c.C.[Tomcat].[localhost].[/]       : Initializing Spring DispatcherServlet 'dispatcherServlet'
2021-05-05 10:40:19.123  INFO 10460 --- [http-nio-8070-exec-1] o.s.web.servlet.DispatcherServlet        : Initializing Servlet 'dispatcherServlet'
2021-05-05 10:40:19.125  INFO 10460 --- [http-nio-8070-exec-1] o.s.web.servlet.DispatcherServlet        : Completed initialization in 1 ms
2021-05-05 10:41:39.307  INFO 10460 --- [Thread-19] o.s.s.concurrent.ThreadPoolTaskExecutor  : Shutting down ExecutorService 'applicationTaskExecutor'
2021-05-05 10:41:39.310  INFO 10460 --- [Thread-19] j.LocalContainerEntityManagerFactoryBean : Closing JPA EntityManagerFactory for persistence unit 'default'
2021-05-05 10:41:39.311  INFO 10460 --- [Thread-19] com.zaxxer.hikari.HikariDataSource       : HikariPool-2 - Shutdown initiated...
2021-05-05 10:41:39.328  INFO 10460 --- [Thread-19] com.zaxxer.hikari.HikariDataSource       : HikariPool-2 - Shutdown completed.
2021-05-05 10:41:39.450  INFO 10460 --- [restartedMain] c.c.s.SurveyportalApplication            : Starting SurveyportalApplication using Java 15.0.2 on Bhushan with PID 10460 (G:\Survey_Portal-master\com-cg-surveyportal\bin\main started by BHUSHAN in G:\Survey_Portal-master\com-cg-surveyportal)
2021-05-05 10:41:39.451  INFO 10460 --- [restartedMain] c.c.s.SurveyportalApplication            : No active profile set, falling back to default profiles: default
2021-05-05 10:41:40.174  INFO 10460 --- [restartedMain] .s.d.r.c.RepositoryConfigurationDelegate : Bootstrapping Spring Data JPA repositories in DEFAULT mode.
2021-05-05 10:41:40.236  INFO 10460 --- [restartedMain] .s.d.r.c.RepositoryConfigurationDelegate : Finished Spring Data repository scanning in 60 ms. Found 7 JPA repository interfaces.
2021-05-05 10:41:40.395  INFO 10460 --- [restartedMain] o.s.b.w.embedded.tomcat.TomcatWebServer  : Tomcat initialized with port(s): 8070 (http)
2021-05-05 10:41:40.396  INFO 10460 --- [restartedMain] o.apache.catalina.core.StandardService   : Starting service [Tomcat]
2021-05-05 10:41:40.397  INFO 10460 --- [restartedMain] org.apache.catalina.core.StandardEngine  : Starting Servlet engine: [Apache Tomcat/9.0.44]
2021-05-05 10:41:40.459  INFO 10460 --- [restartedMain] o.a.c.c.C.[Tomcat].[localhost].[/]       : Initializing Spring embedded WebApplicationContext
2021-05-05 10:41:40.460  INFO 10460 --- [restartedMain] w.s.c.ServletWebServerApplicationContext : Root WebApplicationContext: initialization completed in 1004 ms
2021-05-05 10:41:40.506  INFO 10460 --- [restartedMain] o.hibernate.jpa.internal.util.LogHelper  : HHH000204: Processing PersistenceUnitInfo [name: default]
2021-05-05 10:41:40.515  INFO 10460 --- [restartedMain] com.zaxxer.hikari.HikariDataSource       : HikariPool-3 - Starting...
2021-05-05 10:41:40.551  INFO 10460 --- [restartedMain] com.zaxxer.hikari.HikariDataSource       : HikariPool-3 - Start completed.
2021-05-05 10:41:40.551  INFO 10460 --- [restartedMain] org.hibernate.dialect.Dialect            : HHH000400: Using dialect: org.hibernate.dialect.Oracle10gDialect
2021-05-05 10:41:41.046  INFO 10460 --- [restartedMain] o.h.e.t.j.p.i.JtaPlatformInitiator       : HHH000490: Using JtaPlatform implementation: [org.hibernate.engine.transaction.jta.platform.internal.NoJtaPlatform]
2021-05-05 10:41:41.046  INFO 10460 --- [restartedMain] j.LocalContainerEntityManagerFactoryBean : Initialized JPA EntityManagerFactory for persistence unit 'default'
2021-05-05 10:41:41.052  INFO 10460 --- [restartedMain] o.s.b.d.a.OptionalLiveReloadServer       : LiveReload server is running on port 35729
2021-05-05 10:41:41.321  WARN 10460 --- [restartedMain] JpaBaseConfiguration$JpaWebConfiguration : spring.jpa.open-in-view is enabled by default. Therefore, database queries may be performed during view rendering. Explicitly configure spring.jpa.open-in-view to disable this warning
2021-05-05 10:41:41.376  INFO 10460 --- [restartedMain] pertySourcedRequestMappingHandlerMapping : Mapped URL path [/v2/api-docs] onto method [springfox.documentation.swagger2.web.Swagger2Controller#getDocumentation(String, HttpServletRequest)]
2021-05-05 10:41:41.417  INFO 10460 --- [restartedMain] o.s.s.concurrent.ThreadPoolTaskExecutor  : Initializing ExecutorService 'applicationTaskExecutor'
2021-05-05 10:41:41.490  INFO 10460 --- [restartedMain] o.s.b.w.embedded.tomcat.TomcatWebServer  : Tomcat started on port(s): 8070 (http) with context path ''
2021-05-05 10:41:41.491  INFO 10460 --- [restartedMain] d.s.w.p.DocumentationPluginsBootstrapper : Context refreshed
2021-05-05 10:41:41.492  INFO 10460 --- [restartedMain] d.s.w.p.DocumentationPluginsBootstrapper : Found 1 custom documentation plugin(s)
2021-05-05 10:41:41.496  INFO 10460 --- [restartedMain] s.d.s.w.s.ApiListingReferenceScanner     : Scanning for api listing references
2021-05-05 10:41:41.554  INFO 10460 --- [restartedMain] .d.s.w.r.o.CachingOperationNameGenerator : Generating unique operation named: getfindByIdUsingGET_1
2021-05-05 10:41:41.555  INFO 10460 --- [restartedMain] .d.s.w.r.o.CachingOperationNameGenerator : Generating unique operation named: populateUsingGET_1
2021-05-05 10:41:41.557  INFO 10460 --- [restartedMain] .d.s.w.r.o.CachingOperationNameGenerator : Generating unique operation named: removeByIdUsingDELETE_1
2021-05-05 10:41:41.594  INFO 10460 --- [restartedMain] .d.s.w.r.o.CachingOperationNameGenerator : Generating unique operation named: countRecordsUsingGET_1
2021-05-05 10:41:41.602  INFO 10460 --- [restartedMain] .d.s.w.r.o.CachingOperationNameGenerator : Generating unique operation named: populateUsingGET_2
2021-05-05 10:41:41.627  INFO 10460 --- [restartedMain] .d.s.w.r.o.CachingOperationNameGenerator : Generating unique operation named: populateUsingGET_3
2021-05-05 10:41:41.634  INFO 10460 --- [restartedMain] c.c.s.SurveyportalApplication            : Started SurveyportalApplication in 2.233 seconds (JVM running for 369.145)
2021-05-05 10:41:41.636  INFO 10460 --- [restartedMain] .ConditionEvaluationDeltaLoggingListener : Condition evaluation unchanged
2021-05-05 10:41:53.119  INFO 10460 --- [Thread-27] o.s.s.concurrent.ThreadPoolTaskExecutor  : Shutting down ExecutorService 'applicationTaskExecutor'
2021-05-05 10:41:53.123  INFO 10460 --- [Thread-27] j.LocalContainerEntityManagerFactoryBean : Closing JPA EntityManagerFactory for persistence unit 'default'
2021-05-05 10:41:53.123  INFO 10460 --- [Thread-27] com.zaxxer.hikari.HikariDataSource       : HikariPool-3 - Shutdown initiated...
2021-05-05 10:41:53.131  INFO 10460 --- [Thread-27] com.zaxxer.hikari.HikariDataSource       : HikariPool-3 - Shutdown completed.
2021-05-05 10:41:53.244  INFO 10460 --- [restartedMain] c.c.s.SurveyportalApplication            : Starting SurveyportalApplication using Java 15.0.2 on Bhushan with PID 10460 (G:\Survey_Portal-master\com-cg-surveyportal\bin\main started by BHUSHAN in G:\Survey_Portal-master\com-cg-surveyportal)
2021-05-05 10:41:53.244  INFO 10460 --- [restartedMain] c.c.s.SurveyportalApplication            : No active profile set, falling back to default profiles: default
2021-05-05 10:41:53.739  INFO 10460 --- [restartedMain] .s.d.r.c.RepositoryConfigurationDelegate : Bootstrapping Spring Data JPA repositories in DEFAULT mode.
2021-05-05 10:41:53.787  INFO 10460 --- [restartedMain] .s.d.r.c.RepositoryConfigurationDelegate : Finished Spring Data repository scanning in 47 ms. Found 7 JPA repository interfaces.
2021-05-05 10:41:53.930  INFO 10460 --- [restartedMain] o.s.b.w.embedded.tomcat.TomcatWebServer  : Tomcat initialized with port(s): 8070 (http)
2021-05-05 10:41:53.931  INFO 10460 --- [restartedMain] o.apache.catalina.core.StandardService   : Starting service [Tomcat]
2021-05-05 10:41:53.931  INFO 10460 --- [restartedMain] org.apache.catalina.core.StandardEngine  : Starting Servlet engine: [Apache Tomcat/9.0.44]
2021-05-05 10:41:53.995  INFO 10460 --- [restartedMain] o.a.c.c.C.[Tomcat].[localhost].[/]       : Initializing Spring embedded WebApplicationContext
2021-05-05 10:41:53.996  INFO 10460 --- [restartedMain] w.s.c.ServletWebServerApplicationContext : Root WebApplicationContext: initialization completed in 749 ms
2021-05-05 10:41:54.048  INFO 10460 --- [restartedMain] o.hibernate.jpa.internal.util.LogHelper  : HHH000204: Processing PersistenceUnitInfo [name: default]
2021-05-05 10:41:54.060  INFO 10460 --- [restartedMain] com.zaxxer.hikari.HikariDataSource       : HikariPool-4 - Starting...
2021-05-05 10:41:54.099  INFO 10460 --- [restartedMain] com.zaxxer.hikari.HikariDataSource       : HikariPool-4 - Start completed.
2021-05-05 10:41:54.100  INFO 10460 --- [restartedMain] org.hibernate.dialect.Dialect            : HHH000400: Using dialect: org.hibernate.dialect.Oracle10gDialect
2021-05-05 10:41:54.586  INFO 10460 --- [restartedMain] o.h.e.t.j.p.i.JtaPlatformInitiator       : HHH000490: Using JtaPlatform implementation: [org.hibernate.engine.transaction.jta.platform.internal.NoJtaPlatform]
2021-05-05 10:41:54.587  INFO 10460 --- [restartedMain] j.LocalContainerEntityManagerFactoryBean : Initialized JPA EntityManagerFactory for persistence unit 'default'
2021-05-05 10:41:54.593  INFO 10460 --- [restartedMain] o.s.b.d.a.OptionalLiveReloadServer       : LiveReload server is running on port 35729
2021-05-05 10:41:54.847  WARN 10460 --- [restartedMain] JpaBaseConfiguration$JpaWebConfiguration : spring.jpa.open-in-view is enabled by default. Therefore, database queries may be performed during view rendering. Explicitly configure spring.jpa.open-in-view to disable this warning
2021-05-05 10:41:54.905  INFO 10460 --- [restartedMain] pertySourcedRequestMappingHandlerMapping : Mapped URL path [/v2/api-docs] onto method [springfox.documentation.swagger2.web.Swagger2Controller#getDocumentation(String, HttpServletRequest)]
2021-05-05 10:41:54.939  INFO 10460 --- [restartedMain] o.s.s.concurrent.ThreadPoolTaskExecutor  : Initializing ExecutorService 'applicationTaskExecutor'
2021-05-05 10:41:55.019  INFO 10460 --- [restartedMain] o.s.b.w.embedded.tomcat.TomcatWebServer  : Tomcat started on port(s): 8070 (http) with context path ''
2021-05-05 10:41:55.020  INFO 10460 --- [restartedMain] d.s.w.p.DocumentationPluginsBootstrapper : Context refreshed
2021-05-05 10:41:55.021  INFO 10460 --- [restartedMain] d.s.w.p.DocumentationPluginsBootstrapper : Found 1 custom documentation plugin(s)
2021-05-05 10:41:55.026  INFO 10460 --- [restartedMain] s.d.s.w.s.ApiListingReferenceScanner     : Scanning for api listing references
2021-05-05 10:41:55.094  INFO 10460 --- [restartedMain] .d.s.w.r.o.CachingOperationNameGenerator : Generating unique operation named: getfindByIdUsingGET_1
2021-05-05 10:41:55.095  INFO 10460 --- [restartedMain] .d.s.w.r.o.CachingOperationNameGenerator : Generating unique operation named: populateUsingGET_1
2021-05-05 10:41:55.096  INFO 10460 --- [restartedMain] .d.s.w.r.o.CachingOperationNameGenerator : Generating unique operation named: removeByIdUsingDELETE_1
2021-05-05 10:41:55.122  INFO 10460 --- [restartedMain] .d.s.w.r.o.CachingOperationNameGenerator : Generating unique operation named: countRecordsUsingGET_1
2021-05-05 10:41:55.139  INFO 10460 --- [restartedMain] .d.s.w.r.o.CachingOperationNameGenerator : Generating unique operation named: populateUsingGET_2
2021-05-05 10:41:55.162  INFO 10460 --- [restartedMain] .d.s.w.r.o.CachingOperationNameGenerator : Generating unique operation named: populateUsingGET_3
2021-05-05 10:41:55.171  INFO 10460 --- [restartedMain] c.c.s.SurveyportalApplication            : Started SurveyportalApplication in 1.969 seconds (JVM running for 382.682)
2021-05-05 10:41:55.173  INFO 10460 --- [restartedMain] .ConditionEvaluationDeltaLoggingListener : Condition evaluation unchanged
2021-05-05 10:42:03.695  INFO 10460 --- [http-nio-8070-exec-1] o.a.c.c.C.[Tomcat].[localhost].[/]       : Initializing Spring DispatcherServlet 'dispatcherServlet'
2021-05-05 10:42:03.695  INFO 10460 --- [http-nio-8070-exec-1] o.s.web.servlet.DispatcherServlet        : Initializing Servlet 'dispatcherServlet'
2021-05-05 10:42:03.697  INFO 10460 --- [http-nio-8070-exec-1] o.s.web.servlet.DispatcherServlet        : Completed initialization in 2 ms
2021-05-05 10:42:03.712  WARN 10460 --- [http-nio-8070-exec-1] .m.m.a.ExceptionHandlerExceptionResolver : Resolved [com.cg.surveyportal.exceptions.InvalidSurveyorException: Invalid Username]
2021-05-05 10:43:13.443  WARN 10460 --- [http-nio-8070-exec-5] .m.m.a.ExceptionHandlerExceptionResolver : Resolved [com.cg.surveyportal.exceptions.InvalidSurveyorException: Invalid Username]
2021-05-05 10:46:26.520  INFO 10460 --- [Thread-33] o.s.s.concurrent.ThreadPoolTaskExecutor  : Shutting down ExecutorService 'applicationTaskExecutor'
2021-05-05 10:46:26.523  INFO 10460 --- [Thread-33] j.LocalContainerEntityManagerFactoryBean : Closing JPA EntityManagerFactory for persistence unit 'default'
2021-05-05 10:46:26.523  INFO 10460 --- [Thread-33] com.zaxxer.hikari.HikariDataSource       : HikariPool-4 - Shutdown initiated...
2021-05-05 10:46:26.533  INFO 10460 --- [Thread-33] com.zaxxer.hikari.HikariDataSource       : HikariPool-4 - Shutdown completed.
2021-05-05 10:46:26.646  INFO 10460 --- [restartedMain] c.c.s.SurveyportalApplication            : Starting SurveyportalApplication using Java 15.0.2 on Bhushan with PID 10460 (G:\Survey_Portal-master\com-cg-surveyportal\bin\main started by BHUSHAN in G:\Survey_Portal-master\com-cg-surveyportal)
2021-05-05 10:46:26.647  INFO 10460 --- [restartedMain] c.c.s.SurveyportalApplication            : No active profile set, falling back to default profiles: default
2021-05-05 10:46:27.169  INFO 10460 --- [restartedMain] .s.d.r.c.RepositoryConfigurationDelegate : Bootstrapping Spring Data JPA repositories in DEFAULT mode.
2021-05-05 10:46:27.222  INFO 10460 --- [restartedMain] .s.d.r.c.RepositoryConfigurationDelegate : Finished Spring Data repository scanning in 51 ms. Found 7 JPA repository interfaces.
2021-05-05 10:46:27.365  INFO 10460 --- [restartedMain] o.s.b.w.embedded.tomcat.TomcatWebServer  : Tomcat initialized with port(s): 8070 (http)
2021-05-05 10:46:27.367  INFO 10460 --- [restartedMain] o.apache.catalina.core.StandardService   : Starting service [Tomcat]
2021-05-05 10:46:27.367  INFO 10460 --- [restartedMain] org.apache.catalina.core.StandardEngine  : Starting Servlet engine: [Apache Tomcat/9.0.44]
2021-05-05 10:46:27.420  INFO 10460 --- [restartedMain] o.a.c.c.C.[Tomcat].[localhost].[/]       : Initializing Spring embedded WebApplicationContext
2021-05-05 10:46:27.420  INFO 10460 --- [restartedMain] w.s.c.ServletWebServerApplicationContext : Root WebApplicationContext: initialization completed in 770 ms
2021-05-05 10:46:27.465  INFO 10460 --- [restartedMain] o.hibernate.jpa.internal.util.LogHelper  : HHH000204: Processing PersistenceUnitInfo [name: default]
2021-05-05 10:46:27.473  INFO 10460 --- [restartedMain] com.zaxxer.hikari.HikariDataSource       : HikariPool-5 - Starting...
2021-05-05 10:46:27.514  INFO 10460 --- [restartedMain] com.zaxxer.hikari.HikariDataSource       : HikariPool-5 - Start completed.
2021-05-05 10:46:27.514  INFO 10460 --- [restartedMain] org.hibernate.dialect.Dialect            : HHH000400: Using dialect: org.hibernate.dialect.Oracle10gDialect
2021-05-05 10:46:27.792  INFO 10460 --- [restartedMain] o.h.e.t.j.p.i.JtaPlatformInitiator       : HHH000490: Using JtaPlatform implementation: [org.hibernate.engine.transaction.jta.platform.internal.NoJtaPlatform]
2021-05-05 10:46:27.793  INFO 10460 --- [restartedMain] j.LocalContainerEntityManagerFactoryBean : Initialized JPA EntityManagerFactory for persistence unit 'default'
2021-05-05 10:46:27.803  INFO 10460 --- [restartedMain] o.s.b.d.a.OptionalLiveReloadServer       : LiveReload server is running on port 35729
2021-05-05 10:46:28.129  WARN 10460 --- [restartedMain] JpaBaseConfiguration$JpaWebConfiguration : spring.jpa.open-in-view is enabled by default. Therefore, database queries may be performed during view rendering. Explicitly configure spring.jpa.open-in-view to disable this warning
2021-05-05 10:46:28.202  INFO 10460 --- [restartedMain] pertySourcedRequestMappingHandlerMapping : Mapped URL path [/v2/api-docs] onto method [springfox.documentation.swagger2.web.Swagger2Controller#getDocumentation(String, HttpServletRequest)]
2021-05-05 10:46:28.248  INFO 10460 --- [restartedMain] o.s.s.concurrent.ThreadPoolTaskExecutor  : Initializing ExecutorService 'applicationTaskExecutor'
2021-05-05 10:46:28.326  INFO 10460 --- [restartedMain] o.s.b.w.embedded.tomcat.TomcatWebServer  : Tomcat started on port(s): 8070 (http) with context path ''
2021-05-05 10:46:28.327  INFO 10460 --- [restartedMain] d.s.w.p.DocumentationPluginsBootstrapper : Context refreshed
2021-05-05 10:46:28.328  INFO 10460 --- [restartedMain] d.s.w.p.DocumentationPluginsBootstrapper : Found 1 custom documentation plugin(s)
2021-05-05 10:46:28.335  INFO 10460 --- [restartedMain] s.d.s.w.s.ApiListingReferenceScanner     : Scanning for api listing references
2021-05-05 10:46:28.411  INFO 10460 --- [restartedMain] .d.s.w.r.o.CachingOperationNameGenerator : Generating unique operation named: getfindByIdUsingGET_1
2021-05-05 10:46:28.412  INFO 10460 --- [restartedMain] .d.s.w.r.o.CachingOperationNameGenerator : Generating unique operation named: populateUsingGET_1
2021-05-05 10:46:28.414  INFO 10460 --- [restartedMain] .d.s.w.r.o.CachingOperationNameGenerator : Generating unique operation named: removeByIdUsingDELETE_1
2021-05-05 10:46:28.450  INFO 10460 --- [restartedMain] .d.s.w.r.o.CachingOperationNameGenerator : Generating unique operation named: countRecordsUsingGET_1
2021-05-05 10:46:28.462  INFO 10460 --- [restartedMain] .d.s.w.r.o.CachingOperationNameGenerator : Generating unique operation named: populateUsingGET_2
2021-05-05 10:46:28.494  INFO 10460 --- [restartedMain] .d.s.w.r.o.CachingOperationNameGenerator : Generating unique operation named: populateUsingGET_3
2021-05-05 10:46:28.501  INFO 10460 --- [restartedMain] c.c.s.SurveyportalApplication            : Started SurveyportalApplication in 1.892 seconds (JVM running for 656.012)
2021-05-05 10:46:28.503  INFO 10460 --- [restartedMain] .ConditionEvaluationDeltaLoggingListener : Condition evaluation unchanged
2021-05-05 10:47:08.884  INFO 10460 --- [http-nio-8070-exec-1] o.a.c.c.C.[Tomcat].[localhost].[/]       : Initializing Spring DispatcherServlet 'dispatcherServlet'
2021-05-05 10:47:08.884  INFO 10460 --- [http-nio-8070-exec-1] o.s.web.servlet.DispatcherServlet        : Initializing Servlet 'dispatcherServlet'
2021-05-05 10:47:08.886  INFO 10460 --- [http-nio-8070-exec-1] o.s.web.servlet.DispatcherServlet        : Completed initialization in 2 ms
2021-05-05 10:47:47.968  WARN 10460 --- [http-nio-8070-exec-4] .w.s.m.s.DefaultHandlerExceptionResolver : Resolved [org.springframework.web.method.annotation.MethodArgumentTypeMismatchException: Failed to convert value of type 'java.lang.String' to required type 'java.lang.Long'; nested exception is java.lang.NumberFormatException: For input string: "populate"]
2021-05-05 10:48:12.438  INFO 10460 --- [http-nio-8070-exec-6] o.h.c.i.AbstractPersistentCollection     : HHH000496: Detaching an uninitialized collection with queued operations from a session: [com.cg.surveyportal.entities.Participant.feedback#26]
